aMapLocationDemo2x/build/outputs/logs/manifest-merger-debug-report.txt
-- Merging decision tree log ---
manifest
ADDED from src\main\AndroidManifest.xml:2:1-89:12
	package
		ADDED from src\main\AndroidManifest.xml:3:5-37
		INJECTED from src\main\AndroidManifest.xml
		INJECTED from src\main\AndroidManifest.xml
	android:versionName
		ADDED from src\main\AndroidManifest.xml:5:5-30
	android:versionCode
		ADDED from src\main\AndroidManifest.xml:4:5-28
		INJECTED from src\main\AndroidManifest.xml
		INJECTED from src\main\AndroidManifest.xml
	xmlns:android
		ADDED from src\main\AndroidManifest.xml:2:11-69
uses-sdk
ADDED from src\main\AndroidManifest.xml:7:5-9:41
MERGED from [com.android.support:support-v4:23.1.0] AndroidManifest.xml:20:5-43
	android:targetSdkVersion
		ADDED from src\main\AndroidManifest.xml:9:9-38
		INJECTED from src\main\AndroidManifest.xml
		INJECTED from src\main\AndroidManifest.xml
	android:minSdkVersion
		ADDED from src\main\AndroidManifest.xml:8:9-34
		INJECTED from src\main\AndroidManifest.xml
		INJECTED from src\main\AndroidManifest.xml
application
ADDED from src\main\AndroidManifest.xml:11:5-75:19
MERGED from [com.android.support:support-v4:23.1.0] AndroidManifest.xml:22:5-20
	android:label
		ADDED from src\main\AndroidManifest.xml:14:9-41
	android:allowBackup
		ADDED from src\main\AndroidManifest.xml:12:9-35
	android:icon
		ADDED from src\main\AndroidManifest.xml:13:9-45
meta-data#com.amap.api.v2.apikey
ADDED from src\main\AndroidManifest.xml:15:9-17:64
	android:value
		ADDED from src\main\AndroidManifest.xml:17:13-61
	android:name
		ADDED from src\main\AndroidManifest.xml:16:13-50
service#com.amap.api.location.APSService
ADDED from src\main\AndroidManifest.xml:19:9-20:19
	android:name
		ADDED from src\main\AndroidManifest.xml:19:18-65
activity#com.amap.location.demo.StartActivity
ADDED from src\main\AndroidManifest.xml:22:9-32:20
	android:label
		ADDED from src\main\AndroidManifest.xml:24:13-45
	android:configChanges
		ADDED from src\main\AndroidManifest.xml:25:13-74
	android:name
		ADDED from src\main\AndroidManifest.xml:23:13-64
intent-filter#android.intent.action.MAIN+android.intent.category.LAUNCHER
ADDED from src\main\AndroidManifest.xml:27:13-31:29
action#android.intent.action.MAIN
ADDED from src\main\AndroidManifest.xml:28:17-69
	android:name
		ADDED from src\main\AndroidManifest.xml:28:25-66
category#android.intent.category.LAUNCHER
ADDED from src\main\AndroidManifest.xml:30:17-77
	android:name
		ADDED from src\main\AndroidManifest.xml:30:27-74
activity#com.amap.location.demo.Battery_Saving_Activity
ADDED from src\main\AndroidManifest.xml:33:9-38:20
	android:windowSoftInputMode
		ADDED from src\main\AndroidManifest.xml:35:13-67
	android:configChanges
		ADDED from src\main\AndroidManifest.xml:36:13-74
	android:name
		ADDED from src\main\AndroidManifest.xml:34:13-74
activity#com.amap.location.demo.Device_Sensors_Activity
ADDED from src\main\AndroidManifest.xml:39:9-44:20
	android:windowSoftInputMode
		ADDED from src\main\AndroidManifest.xml:41:13-67
	android:configChanges
		ADDED from src\main\AndroidManifest.xml:42:13-74
	android:name
		ADDED from src\main\AndroidManifest.xml:40:13-74
activity#com.amap.location.demo.Hight_Accuracy_Activity
ADDED from src\main\AndroidManifest.xml:45:9-50:20
	android:windowSoftInputMode
		ADDED from src\main\AndroidManifest.xml:47:13-67
	android:configChanges
		ADDED from src\main\AndroidManifest.xml:48:13-74
	android:name
		ADDED from src\main\AndroidManifest.xml:46:13-74
activity#com.amap.location.demo.LastLocation_Activity
ADDED from src\main\AndroidManifest.xml:51:9-56:20
	android:windowSoftInputMode
		ADDED from src\main\AndroidManifest.xml:53:13-67
	android:configChanges
		ADDED from src\main\AndroidManifest.xml:54:13-74
	android:name
		ADDED from src\main\AndroidManifest.xml:52:13-72
activity#com.amap.location.demo.GeoFence_Activity
ADDED from src\main\AndroidManifest.xml:57:9-62:20
	android:windowSoftInputMode
		ADDED from src\main\AndroidManifest.xml:59:13-67
	android:configChanges
		ADDED from src\main\AndroidManifest.xml:60:13-74
	android:name
		ADDED from src\main\AndroidManifest.xml:58:13-68
activity#com.amap.location.demo.Assistant_Location_Activity
ADDED from src\main\AndroidManifest.xml:63:9-68:20
	android:windowSoftInputMode
		ADDED from src\main\AndroidManifest.xml:65:13-67
	android:configChanges
		ADDED from src\main\AndroidManifest.xml:66:13-74
	android:name
		ADDED from src\main\AndroidManifest.xml:64:13-78
activity#com.amap.location.demo.Alarm_Location_Activity
ADDED from src\main\AndroidManifest.xml:69:10-74:20
	android:windowSoftInputMode
		ADDED from src\main\AndroidManifest.xml:71:13-67
	android:configChanges
		ADDED from src\main\AndroidManifest.xml:72:13-74
	android:name
		ADDED from src\main\AndroidManifest.xml:70:13-74
uses-permission#android.permission.INTERNET
ADDED from src\main\AndroidManifest.xml:77:5-67
	android:name
		ADDED from src\main\AndroidManifest.xml:77:22-64
uses-permission#android.permission.WRITE_EXTERNAL_STORAGE
ADDED from src\main\AndroidManifest.xml:78:5-81
	android:name
		ADDED from src\main\AndroidManifest.xml:78:22-78
uses-permission#android.permission.ACCESS_COARSE_LOCATION
ADDED from src\main\AndroidManifest.xml:79:5-81
	android:name
		ADDED from src\main\AndroidManifest.xml:79:22-78
uses-permission#android.permission.ACCESS_NETWORK_STATE
ADDED from src\main\AndroidManifest.xml:80:5-79
	android:name
		ADDED from src\main\AndroidManifest.xml:80:22-76
uses-permission#android.permission.ACCESS_FINE_LOCATION
ADDED from src\main\AndroidManifest.xml:81:5-79
	android:name
		ADDED from src\main\AndroidManifest.xml:81:22-76
uses-permission#android.permission.READ_PHONE_STATE
ADDED from src\main\AndroidManifest.xml:82:5-75
	android:name
		ADDED from src\main\AndroidManifest.xml:82:22-72
uses-permission#android.permission.CHANGE_WIFI_STATE
ADDED from src\main\AndroidManifest.xml:83:5-76
	android:name
		ADDED from src\main\AndroidManifest.xml:83:22-73
uses-permission#android.permission.ACCESS_WIFI_STATE
ADDED from src\main\AndroidManifest.xml:84:5-76
	android:name
		ADDED from src\main\AndroidManifest.xml:84:22-73
uses-permission#android.permission.CHANGE_CONFIGURATION
ADDED from src\main\AndroidManifest.xml:85:5-79
	android:name
		ADDED from src\main\AndroidManifest.xml:85:22-76
uses-permission#android.permission.WAKE_LOCK
ADDED from src\main\AndroidManifest.xml:86:5-68
	android:name
		ADDED from src\main\AndroidManifest.xml:86:22-65
uses-permission#android.permission.WRITE_SETTINGS
ADDED from src\main\AndroidManifest.xml:87:5-73
	android:name
		ADDED from src\main\AndroidManifest.xml:87:22-70